2018/01/11 00:00:20 [D] [beegoDb.go:27] 数据库服务器链接成功 
2018/01/11 00:00:20 [I] [asm_amd64.s:2232] http server Running on http://:80
2018/01/11 00:03:17 [D] [beegoDb.go:27] 数据库服务器链接成功 
2018/01/11 00:03:18 [I] [asm_amd64.s:2232] http server Running on http://:80
2018/01/11 00:03:21 [C] [asm_amd64.s:401] the request url is  /
2018/01/11 00:03:21 [C] [asm_amd64.s:401] Handler crashed with error reflect: call of reflect.Value.Call on zero Value
2018/01/11 00:03:21 [C] [asm_amd64.s:401] c:/go/src/runtime/asm_amd64.s:401
2018/01/11 00:03:21 [C] [asm_amd64.s:401] c:/go/src/runtime/panic.go:387
2018/01/11 00:03:21 [C] [asm_amd64.s:401] c:/go/src/reflect/value.go:195
2018/01/11 00:03:21 [C] [asm_amd64.s:401] c:/go/src/reflect/value.go:294
2018/01/11 00:03:21 [C] [asm_amd64.s:401] D:/work/GOPATH/src/Deal/controllers/index.go:40
2018/01/11 00:03:21 [C] [asm_amd64.s:401] D:/work/GOPATH/src/Deal/controllers/index.go:26
2018/01/11 00:03:21 [C] [asm_amd64.s:401] D:/work/GOPATH/src/github.com/astaxie/beego/router.go:777
2018/01/11 00:03:21 [C] [asm_amd64.s:401] C:/Program Files/Go/src/net/http/server.go:1703
2018/01/11 00:03:21 [C] [asm_amd64.s:401] C:/Program Files/Go/src/net/http/server.go:1204
2018/01/11 00:03:21 [C] [asm_amd64.s:401] c:/go/src/runtime/asm_amd64.s:2232
2018/01/11 00:15:29 [D] [beegoDb.go:27] 数据库服务器链接成功 
2018/01/11 00:15:29 [I] [asm_amd64.s:2232] http server Running on http://:80
2018/01/11 00:15:35 [C] [asm_amd64.s:401] the request url is  /
2018/01/11 00:15:35 [C] [asm_amd64.s:401] Handler crashed with error reflect: call of reflect.Value.Call on struct Value
2018/01/11 00:15:35 [C] [asm_amd64.s:401] c:/go/src/runtime/asm_amd64.s:401
2018/01/11 00:15:35 [C] [asm_amd64.s:401] c:/go/src/runtime/panic.go:387
2018/01/11 00:15:35 [C] [asm_amd64.s:401] c:/go/src/reflect/value.go:195
2018/01/11 00:15:35 [C] [asm_amd64.s:401] c:/go/src/reflect/value.go:294
2018/01/11 00:15:35 [C] [asm_amd64.s:401] D:/work/GOPATH/src/Deal/controllers/index.go:37
2018/01/11 00:15:35 [C] [asm_amd64.s:401] D:/work/GOPATH/src/Deal/controllers/index.go:25
2018/01/11 00:15:35 [C] [asm_amd64.s:401] D:/work/GOPATH/src/github.com/astaxie/beego/router.go:777
2018/01/11 00:15:35 [C] [asm_amd64.s:401] C:/Program Files/Go/src/net/http/server.go:1703
2018/01/11 00:15:35 [C] [asm_amd64.s:401] C:/Program Files/Go/src/net/http/server.go:1204
2018/01/11 00:15:35 [C] [asm_amd64.s:401] c:/go/src/runtime/asm_amd64.s:2232
2018/01/11 00:21:18 [D] [beegoDb.go:27] 数据库服务器链接成功 
2018/01/11 00:21:19 [I] [asm_amd64.s:2232] http server Running on http://:80
2018/01/11 00:21:54 [D] [beegoDb.go:27] 数据库服务器链接成功 
2018/01/11 00:21:55 [I] [asm_amd64.s:2232] http server Running on http://:80
2018/01/11 00:23:11 [D] [beegoDb.go:27] 数据库服务器链接成功 
2018/01/11 00:23:11 [I] [asm_amd64.s:2232] http server Running on http://:80
2018/01/11 00:24:52 [D] [beegoDb.go:27] 数据库服务器链接成功 
2018/01/11 00:24:52 [I] [asm_amd64.s:2232] http server Running on http://:80
2018/01/11 00:25:14 [D] [beegoDb.go:27] 数据库服务器链接成功 
2018/01/11 00:25:14 [I] [asm_amd64.s:2232] http server Running on http://:80
2018/01/11 00:27:37 [D] [beegoDb.go:27] 数据库服务器链接成功 
2018/01/11 00:27:37 [I] [asm_amd64.s:2232] http server Running on http://:80
2018/01/11 00:29:36 [D] [beegoDb.go:27] 数据库服务器链接成功 
2018/01/11 00:29:36 [I] [asm_amd64.s:2232] http server Running on http://:80
2018/01/11 00:31:12 [D] [beegoDb.go:27] 数据库服务器链接成功 
2018/01/11 00:31:13 [I] [asm_amd64.s:2232] http server Running on http://:80
2018/01/11 00:32:24 [D] [beegoDb.go:27] 数据库服务器链接成功 
2018/01/11 00:32:24 [I] [asm_amd64.s:2232] http server Running on http://:80
2018/01/11 00:32:42 [D] [beegoDb.go:27] 数据库服务器链接成功 
2018/01/11 00:32:42 [I] [asm_amd64.s:2232] http server Running on http://:80
2018/01/11 00:32:46 [D] [log.go:106] {"status":"0000","data":{"created":"1514694667000","account_id":"A2815753A","trade_fee":"0.0015","balance":"0.00000000"}} 
2018/01/11 00:33:54 [D] [beegoDb.go:27] 数据库服务器链接成功 
2018/01/11 00:33:54 [I] [asm_amd64.s:2232] http server Running on http://:80
2018/01/11 00:34:50 [D] [beegoDb.go:27] 数据库服务器链接成功 
2018/01/11 00:34:50 [I] [asm_amd64.s:2232] http server Running on http://:80
2018/01/11 00:35:02 [D] [beegoDb.go:27] 数据库服务器链接成功 
2018/01/11 00:35:02 [I] [asm_amd64.s:2232] http server Running on http://:80
2018/01/11 00:35:58 [D] [beegoDb.go:27] 数据库服务器链接成功 
2018/01/11 00:35:58 [I] [asm_amd64.s:2232] http server Running on http://:80
2018/01/11 00:37:55 [D] [beegoDb.go:27] 数据库服务器链接成功 
2018/01/11 00:37:55 [I] [asm_amd64.s:2232] http server Running on http://:80
2018/01/11 00:38:07 [D] [beegoDb.go:27] 数据库服务器链接成功 
2018/01/11 00:38:08 [I] [asm_amd64.s:2232] http server Running on http://:80
2018/01/11 00:38:12 [D] [log.go:106] {"status":"0000","data":{"created":"1514694667000","account_id":"A2815753A","trade_fee":"0.0015","balance":"0.00000000"}} 
2018/01/11 00:39:27 [D] [beegoDb.go:27] 数据库服务器链接成功 
2018/01/11 00:39:27 [I] [asm_amd64.s:2232] http server Running on http://:80
2018/01/11 00:39:31 [D] [log.go:106] {"status":"0000","data":{"created":"1514694667000","account_id":"A2815753A","trade_fee":"0.0015","balance":"0.00000000"}} 
2018/01/11 00:40:18 [D] [beegoDb.go:27] 数据库服务器链接成功 
2018/01/11 00:40:19 [I] [asm_amd64.s:2232] http server Running on http://:80
2018/01/11 00:42:20 [D] [beegoDb.go:27] 数据库服务器链接成功 
2018/01/11 00:42:20 [I] [asm_amd64.s:2232] http server Running on http://:80
2018/01/11 00:43:12 [D] [beegoDb.go:27] 数据库服务器链接成功 
2018/01/11 00:43:12 [I] [asm_amd64.s:2232] http server Running on http://:80
2018/01/11 00:47:21 [D] [beegoDb.go:27] 数据库服务器链接成功 
2018/01/11 00:47:21 [I] [asm_amd64.s:2232] http server Running on http://:80
2018/01/11 00:47:29 [D] [log.go:106] {"status":"0000","data":{"created":"1514694667000","account_id":"A2815753A","trade_fee":"0.0015","balance":"0.00000000"}} 
2018/01/11 00:48:37 [D] [beegoDb.go:27] 数据库服务器链接成功 
2018/01/11 00:48:37 [I] [asm_amd64.s:2232] http server Running on http://:80
2018/01/11 00:48:41 [D] [log.go:106] {"status":"0000","data":{"created":"1514694667000","account_id":"A2815753A","trade_fee":"0.0015","balance":"0.00000000"}} 
2018/01/11 00:53:34 [D] [beegoDb.go:27] 数据库服务器链接成功 
2018/01/11 00:53:34 [I] [asm_amd64.s:2232] http server Running on http://:80
2018/01/11 00:53:39 [C] [asm_amd64.s:401] the request url is  /
2018/01/11 00:53:39 [C] [asm_amd64.s:401] Handler crashed with error reflect: call of reflect.Value.Call on zero Value
2018/01/11 00:53:39 [C] [asm_amd64.s:401] c:/go/src/runtime/asm_amd64.s:401
2018/01/11 00:53:39 [C] [asm_amd64.s:401] c:/go/src/runtime/panic.go:387
2018/01/11 00:53:39 [C] [asm_amd64.s:401] c:/go/src/reflect/value.go:195
2018/01/11 00:53:39 [C] [asm_amd64.s:401] c:/go/src/reflect/value.go:294
2018/01/11 00:53:39 [C] [asm_amd64.s:401] D:/work/GOPATH/src/Deal/controllers/index.go:25
2018/01/11 00:53:39 [C] [asm_amd64.s:401] D:/work/GOPATH/src/github.com/astaxie/beego/router.go:777
2018/01/11 00:53:39 [C] [asm_amd64.s:401] C:/Program Files/Go/src/net/http/server.go:1703
2018/01/11 00:53:39 [C] [asm_amd64.s:401] C:/Program Files/Go/src/net/http/server.go:1204
2018/01/11 00:53:39 [C] [asm_amd64.s:401] c:/go/src/runtime/asm_amd64.s:2232
2018/01/11 00:54:08 [D] [beegoDb.go:27] 数据库服务器链接成功 
2018/01/11 00:54:09 [I] [asm_amd64.s:2232] http server Running on http://:80
2018/01/11 00:54:11 [C] [asm_amd64.s:401] the request url is  /
2018/01/11 00:54:11 [C] [asm_amd64.s:401] Handler crashed with error reflect: Call with too many input arguments
2018/01/11 00:54:11 [C] [asm_amd64.s:401] c:/go/src/runtime/asm_amd64.s:401
2018/01/11 00:54:11 [C] [asm_amd64.s:401] c:/go/src/runtime/panic.go:387
2018/01/11 00:54:11 [C] [asm_amd64.s:401] c:/go/src/reflect/value.go:355
2018/01/11 00:54:11 [C] [asm_amd64.s:401] c:/go/src/reflect/value.go:296
2018/01/11 00:54:11 [C] [asm_amd64.s:401] D:/work/GOPATH/src/Deal/controllers/index.go:25
2018/01/11 00:54:11 [C] [asm_amd64.s:401] D:/work/GOPATH/src/github.com/astaxie/beego/router.go:777
2018/01/11 00:54:11 [C] [asm_amd64.s:401] C:/Program Files/Go/src/net/http/server.go:1703
2018/01/11 00:54:11 [C] [asm_amd64.s:401] C:/Program Files/Go/src/net/http/server.go:1204
2018/01/11 00:54:11 [C] [asm_amd64.s:401] c:/go/src/runtime/asm_amd64.s:2232
2018/01/11 00:54:40 [D] [beegoDb.go:27] 数据库服务器链接成功 
2018/01/11 00:54:40 [I] [asm_amd64.s:2232] http server Running on http://:80
2018/01/11 00:54:45 [E] [Bithumb.go:268] WSARecv tcp 10.1.1.161:9939: i/o timeout 
2018/01/11 00:54:45 [D] [log.go:106]  
2018/01/11 00:54:53 [D] [log.go:106] {"status":"0000","data":{"created":"1514694667000","account_id":"A2815753A","trade_fee":"0.0015","balance":"0.00000000"}} 
