2017/12/30 13:25:24 [D] [beegoDb.go:27] 数据库服务器链接成功 
2017/12/30 13:25:39 [D] [beegoDb.go:27] 数据库服务器链接成功 
2017/12/30 13:26:37 [D] [beegoDb.go:27] 数据库服务器链接成功 
2017/12/30 13:26:43 [D] [beegoDb.go:27] 数据库服务器链接成功 
2017/12/30 13:27:14 [D] [beegoDb.go:27] 数据库服务器链接成功 
2017/12/30 13:28:05 [D] [beegoDb.go:27] 数据库服务器链接成功 
2017/12/30 13:28:32 [D] [beegoDb.go:27] 数据库服务器链接成功 
2017/12/30 13:29:15 [D] [beegoDb.go:27] 数据库服务器链接成功 
2017/12/30 13:29:48 [D] [beegoDb.go:27] 数据库服务器链接成功 
2017/12/30 13:30:09 [D] [beegoDb.go:27] 数据库服务器链接成功 
2017/12/30 13:30:25 [D] [beegoDb.go:27] 数据库服务器链接成功 
2017/12/30 13:31:15 [D] [beegoDb.go:27] 数据库服务器链接成功 
2017/12/30 13:32:50 [D] [beegoDb.go:27] 数据库服务器链接成功 
2017/12/30 13:33:54 [D] [beegoDb.go:27] 数据库服务器链接成功 
2017/12/30 13:33:55 [I] [asm_amd64.s:2232] http server Running on http://:80
2017/12/30 13:34:01 [D] [log.go:106] 127.0.0.1 
2017/12/30 13:34:01 [E] [index.go:25] 没有来源地址 
2017/12/30 13:34:01 [server.go:1773] [HTTP] http: multiple response.WriteHeader calls
2017/12/30 13:34:01 [D] [log.go:106] [] 
2017/12/30 19:11:28 [D] [beegoDb.go:27] 数据库服务器链接成功 
2017/12/30 19:11:28 [I] [asm_amd64.s:2232] http server Running on http://:80
2017/12/30 19:11:32 [D] [log.go:106] 127.0.0.1 
2017/12/30 19:11:32 [E] [index.go:33] 没有来源地址 
2017/12/30 19:11:32 [server.go:1773] [HTTP] http: multiple response.WriteHeader calls
2017/12/30 19:11:32 [D] [log.go:106] [] 
2017/12/30 19:11:36 [D] [log.go:106] 201 
2017/12/30 19:11:36 [D] [log.go:106] 201 
2017/12/30 19:11:36 [D] [log.go:106] 201 
2017/12/30 19:11:36 [D] [log.go:106] 201 
2017/12/30 19:11:36 [D] [log.go:106] 201 
2017/12/30 19:11:36 [D] [log.go:106] 201 
2017/12/30 19:11:36 [D] [log.go:106] 201 
2017/12/30 19:11:36 [D] [log.go:106] 201 
2017/12/30 19:11:36 [D] [log.go:106] 201 
2017/12/30 19:11:36 [D] [log.go:106] 201 
2017/12/30 19:11:36 [D] [log.go:106] 201 
2017/12/30 19:11:36 [D] [log.go:106] 201 
2017/12/30 19:11:36 [D] [log.go:106] 201 
2017/12/30 19:11:36 [D] [log.go:106] 201 
2017/12/30 19:11:36 [D] [log.go:106] 201 
2017/12/30 19:11:36 [D] [log.go:106] 201 
2017/12/30 19:11:36 [D] [log.go:106] 201 
2017/12/30 19:11:36 [D] [log.go:106] 201 
2017/12/30 19:11:36 [D] [log.go:106] 201 
2017/12/30 19:11:36 [D] [log.go:106] 201 
2017/12/30 19:11:36 [D] [log.go:106] 201 
2017/12/30 19:11:36 [D] [log.go:106] 201 
2017/12/30 19:11:36 [D] [log.go:106] 201 
2017/12/30 19:11:36 [D] [log.go:106] 201 
2017/12/30 19:11:36 [D] [log.go:106] 201 
2017/12/30 19:11:36 [D] [log.go:106] 201 
2017/12/30 19:11:36 [D] [log.go:106] 201 
2017/12/30 19:11:36 [D] [log.go:106] 201 
2017/12/30 19:11:36 [D] [log.go:106] 201 
2017/12/30 19:11:36 [D] [log.go:106] 201 
2017/12/30 19:11:36 [D] [log.go:106] 201 
2017/12/30 19:11:36 [D] [log.go:106] 201 
2017/12/30 19:11:36 [D] [log.go:106] 201 
2017/12/30 19:11:36 [D] [log.go:106] 201 
2017/12/30 19:11:36 [D] [log.go:106] 201 
2017/12/30 19:11:36 [D] [log.go:106] 201 
2017/12/30 19:11:36 [D] [log.go:106] 201 
2017/12/30 19:11:36 [D] [log.go:106] 201 
2017/12/30 19:11:36 [D] [log.go:106] 201 
2017/12/30 19:11:36 [D] [log.go:106] 201 
2017/12/30 19:11:36 [D] [log.go:106] 201 
2017/12/30 19:11:36 [D] [log.go:106] 201 
2017/12/30 19:11:36 [D] [log.go:106] 201 
2017/12/30 19:11:36 [D] [log.go:106] 201 
2017/12/30 19:11:36 [D] [log.go:106] 201 
2017/12/30 19:11:36 [D] [log.go:106] 201 
2017/12/30 19:11:36 [D] [log.go:106] 201 
2017/12/30 19:11:36 [D] [log.go:106] 201 
2017/12/30 19:11:36 [D] [log.go:106] 201 
2017/12/30 19:11:36 [D] [log.go:106] 201 
2017/12/30 19:11:36 [D] [log.go:106] 201 
2017/12/30 19:11:36 [D] [log.go:106] 201 
2017/12/30 19:11:36 [D] [log.go:106] 201 
2017/12/30 19:11:36 [D] [log.go:106] 201 
2017/12/30 19:11:36 [D] [log.go:106] 201 
2017/12/30 19:11:36 [D] [log.go:106] 201 
2017/12/30 19:11:36 [D] [log.go:106] 201 
2017/12/30 19:11:36 [D] [log.go:106] 201 
2017/12/30 19:11:36 [D] [log.go:106] 201 
2017/12/30 19:11:36 [D] [log.go:106] 201 
2017/12/30 19:11:36 [D] [log.go:106] 201 
2017/12/30 19:11:36 [D] [log.go:106] 201 
2017/12/30 19:11:36 [D] [log.go:106] 201 
2017/12/30 19:11:36 [D] [log.go:106] 201 
2017/12/30 19:11:36 [D] [log.go:106] 201 
2017/12/30 19:11:36 [D] [log.go:106] 201 
2017/12/30 19:11:36 [D] [log.go:106] 201 
2017/12/30 19:11:36 [D] [log.go:106] 201 
2017/12/30 19:11:36 [D] [log.go:106] 201 
2017/12/30 19:11:36 [D] [log.go:106] 201 
2017/12/30 19:11:36 [D] [log.go:106] 201 
2017/12/30 19:11:36 [D] [log.go:106] 201 
2017/12/30 19:11:36 [D] [log.go:106] 201 
2017/12/30 19:11:36 [D] [log.go:106] 201 
2017/12/30 19:11:36 [D] [log.go:106] 201 
2017/12/30 19:11:36 [D] [log.go:106] 201 
2017/12/30 19:11:36 [D] [log.go:106] 201 
2017/12/30 19:11:36 [D] [log.go:106] 201 
2017/12/30 19:11:36 [D] [log.go:106] 201 
2017/12/30 19:11:36 [D] [log.go:106] 201 
2017/12/30 19:11:36 [D] [log.go:106] 201 
2017/12/30 19:11:36 [D] [log.go:106] 201 
2017/12/30 19:11:36 [D] [log.go:106] 201 
2017/12/30 19:11:36 [D] [log.go:106] 201 
2017/12/30 19:11:36 [D] [log.go:106] 201 
2017/12/30 19:11:36 [D] [log.go:106] 201 
2017/12/30 19:11:36 [D] [log.go:106] 201 
2017/12/30 19:11:36 [D] [log.go:106] 201 
2017/12/30 19:11:36 [D] [log.go:106] 201 
2017/12/30 19:11:36 [D] [log.go:106] 201 
2017/12/30 19:11:36 [D] [log.go:106] 201 
2017/12/30 19:11:36 [D] [log.go:106] 201 
2017/12/30 19:11:36 [D] [log.go:106] 201 
2017/12/30 19:11:36 [D] [log.go:106] 201 
2017/12/30 19:11:36 [D] [log.go:106] 201 
2017/12/30 19:11:36 [D] [log.go:106] 201 
2017/12/30 19:11:36 [D] [log.go:106] 201 
2017/12/30 19:11:36 [D] [log.go:106] 201 
2017/12/30 19:11:36 [D] [log.go:106] 201 
2017/12/30 19:11:36 [D] [log.go:106] 201 
2017/12/30 19:11:36 [D] [log.go:106] 201 
2017/12/30 19:11:36 [D] [log.go:106] 201 
2017/12/30 19:11:36 [D] [log.go:106] 201 
2017/12/30 19:11:36 [D] [log.go:106] 201 
2017/12/30 19:11:36 [D] [log.go:106] 201 
2017/12/30 19:11:36 [D] [log.go:106] 201 
2017/12/30 19:11:36 [D] [log.go:106] 201 
2017/12/30 19:11:36 [D] [log.go:106] 201 
2017/12/30 19:11:36 [D] [log.go:106] 201 
2017/12/30 19:11:36 [D] [log.go:106] 201 
2017/12/30 19:11:36 [D] [log.go:106] 201 
2017/12/30 19:11:36 [D] [log.go:106] 201 
2017/12/30 19:11:36 [D] [log.go:106] 201 
2017/12/30 19:11:36 [D] [log.go:106] 201 
2017/12/30 19:11:36 [D] [log.go:106] 201 
2017/12/30 19:11:36 [D] [log.go:106] 201 
2017/12/30 19:11:36 [D] [log.go:106] 201 
2017/12/30 19:11:36 [D] [log.go:106] 201 
2017/12/30 19:11:36 [D] [log.go:106] 201 
2017/12/30 19:11:36 [D] [log.go:106] 201 
2017/12/30 19:11:36 [D] [log.go:106] 201 
2017/12/30 19:11:36 [D] [log.go:106] 201 
2017/12/30 19:11:36 [D] [log.go:106] 201 
2017/12/30 19:11:37 [D] [log.go:106] 201 
2017/12/30 19:11:37 [D] [log.go:106] 201 
2017/12/30 19:11:37 [D] [log.go:106] 201 
2017/12/30 19:11:37 [D] [log.go:106] 201 
2017/12/30 19:11:37 [D] [log.go:106] 201 
2017/12/30 19:11:37 [D] [log.go:106] 201 
2017/12/30 19:11:37 [D] [log.go:106] 201 
2017/12/30 19:11:37 [D] [log.go:106] 201 
2017/12/30 19:11:37 [D] [log.go:106] 201 
2017/12/30 19:11:37 [D] [log.go:106] 201 
2017/12/30 19:11:37 [D] [log.go:106] 201 
2017/12/30 19:11:37 [D] [log.go:106] 201 
2017/12/30 19:11:37 [D] [log.go:106] 201 
2017/12/30 19:11:37 [D] [log.go:106] 201 
2017/12/30 19:11:37 [D] [log.go:106] 201 
2017/12/30 19:11:37 [D] [log.go:106] 201 
2017/12/30 19:11:37 [D] [log.go:106] 201 
2017/12/30 19:11:37 [D] [log.go:106] 201 
2017/12/30 19:11:37 [D] [log.go:106] 201 
2017/12/30 19:11:37 [D] [log.go:106] 201 
2017/12/30 19:11:37 [D] [log.go:106] 201 
2017/12/30 19:11:37 [D] [log.go:106] 201 
2017/12/30 19:11:37 [D] [log.go:106] 201 
2017/12/30 19:11:37 [D] [log.go:106] 201 
2017/12/30 19:11:37 [D] [log.go:106] 201 
2017/12/30 19:11:37 [D] [log.go:106] 201 
2017/12/30 19:11:37 [D] [log.go:106] 201 
2017/12/30 19:11:37 [D] [log.go:106] 201 
2017/12/30 19:11:37 [D] [log.go:106] 201 
2017/12/30 19:11:37 [D] [log.go:106] 201 
2017/12/30 19:11:37 [D] [log.go:106] 201 
2017/12/30 19:11:37 [D] [log.go:106] 201 
2017/12/30 19:11:37 [D] [log.go:106] 201 
2017/12/30 19:11:37 [D] [log.go:106] 201 
2017/12/30 19:11:37 [D] [log.go:106] 201 
2017/12/30 19:11:37 [D] [log.go:106] 201 
2017/12/30 19:11:37 [D] [log.go:106] 201 
2017/12/30 19:11:37 [D] [log.go:106] 201 
2017/12/30 19:11:37 [D] [log.go:106] 201 
2017/12/30 19:11:38 [D] [log.go:106] 201 
2017/12/30 19:11:38 [D] [log.go:106] 201 
2017/12/30 19:11:38 [D] [log.go:106] 201 
2017/12/30 19:11:38 [D] [log.go:106] 201 
2017/12/30 19:11:38 [D] [log.go:106] 201 
2017/12/30 19:11:38 [D] [log.go:106] 201 
2017/12/30 19:11:38 [D] [log.go:106] 201 
2017/12/30 19:11:38 [D] [log.go:106] 201 
2017/12/30 19:11:39 [D] [log.go:106] 201 
2017/12/30 19:11:39 [D] [log.go:106] 201 
2017/12/30 19:11:39 [D] [log.go:106] 201 
2017/12/30 19:11:39 [D] [log.go:106] 201 
2017/12/30 19:11:39 [D] [log.go:106] 201 
2017/12/30 19:11:39 [D] [log.go:106] 201 
2017/12/30 19:11:39 [D] [log.go:106] 201 
2017/12/30 19:11:39 [D] [log.go:106] 201 
2017/12/30 19:11:39 [D] [log.go:106] 201 
2017/12/30 19:11:40 [D] [log.go:106] 201 
2017/12/30 19:11:40 [D] [log.go:106] 201 
2017/12/30 19:11:40 [D] [log.go:106] 201 
2017/12/30 19:11:40 [D] [log.go:106] 201 
2017/12/30 19:11:42 [D] [log.go:106] 201 
2017/12/30 19:11:42 [D] [log.go:106] 201 
2017/12/30 19:11:43 [D] [log.go:106] 201 
2017/12/30 19:11:53 [D] [log.go:106] 201 
2017/12/30 19:11:54 [D] [log.go:106] 201 
2017/12/30 19:11:54 [D] [log.go:106] 201 
2017/12/30 19:11:54 [D] [log.go:106] 201 
2017/12/30 19:11:54 [D] [log.go:106] 201 
2017/12/30 19:11:54 [D] [log.go:106] 201 
2017/12/30 19:11:54 [D] [log.go:106] 201 
2017/12/30 19:11:54 [D] [log.go:106] 201 
2017/12/30 19:11:54 [D] [log.go:106] 201 
2017/12/30 19:11:58 [D] [log.go:106] 201 
2017/12/30 19:11:58 [D] [log.go:106] 201 
2017/12/30 19:11:58 [D] [log.go:106] 201 
2017/12/30 19:12:00 [D] [log.go:106] 201 
2017/12/30 19:12:00 [D] [log.go:106] 201 
2017/12/30 19:12:00 [D] [log.go:106] 201 
2017/12/30 19:13:26 [D] [beegoDb.go:27] 数据库服务器链接成功 
2017/12/30 19:13:26 [I] [asm_amd64.s:2232] http server Running on http://:80
2017/12/30 19:13:34 [D] [log.go:106] 127.0.0.1 
2017/12/30 19:13:34 [E] [index.go:38] 没有来源地址 
2017/12/30 19:13:34 [server.go:1773] [HTTP] http: multiple response.WriteHeader calls
2017/12/30 19:13:34 [D] [log.go:106] [] 
2017/12/30 19:13:36 [D] [log.go:106] 201 
2017/12/30 19:13:36 [D] [log.go:106] 201 
2017/12/30 19:13:36 [D] [log.go:106] 201 
2017/12/30 19:13:36 [D] [log.go:106] 201 
2017/12/30 19:13:36 [D] [log.go:106] 201 
2017/12/30 19:13:36 [D] [log.go:106] 201 
2017/12/30 19:13:36 [D] [log.go:106] 201 
2017/12/30 19:13:36 [D] [log.go:106] 201 
2017/12/30 19:13:36 [D] [log.go:106] 201 
2017/12/30 19:13:36 [D] [log.go:106] 201 
2017/12/30 19:13:36 [D] [log.go:106] 201 
2017/12/30 19:13:36 [D] [log.go:106] 201 
2017/12/30 19:13:36 [D] [log.go:106] 201 
2017/12/30 19:13:36 [D] [log.go:106] 201 
2017/12/30 19:13:36 [D] [log.go:106] 201 
2017/12/30 19:13:37 [D] [log.go:106] 201 
2017/12/30 19:13:37 [D] [log.go:106] 201 
2017/12/30 19:13:37 [D] [log.go:106] 201 
2017/12/30 19:13:37 [D] [log.go:106] 201 
2017/12/30 19:13:37 [D] [log.go:106] 201 
2017/12/30 19:13:37 [D] [log.go:106] 201 
2017/12/30 19:13:37 [D] [log.go:106] 201 
2017/12/30 19:13:37 [D] [log.go:106] 201 
2017/12/30 19:13:37 [D] [log.go:106] 201 
2017/12/30 19:13:37 [D] [log.go:106] 201 
2017/12/30 19:13:37 [D] [log.go:106] 201 
2017/12/30 19:13:37 [D] [log.go:106] 201 
2017/12/30 19:13:37 [D] [log.go:106] 201 
2017/12/30 19:13:37 [D] [log.go:106] 201 
2017/12/30 19:13:37 [D] [log.go:106] 201 
2017/12/30 19:13:37 [D] [log.go:106] 201 
2017/12/30 19:13:37 [D] [log.go:106] 201 
2017/12/30 19:13:37 [D] [log.go:106] 201 
2017/12/30 19:13:37 [D] [log.go:106] 201 
2017/12/30 19:13:37 [D] [log.go:106] 201 
2017/12/30 19:13:37 [D] [log.go:106] 201 
2017/12/30 19:13:37 [D] [log.go:106] 201 
2017/12/30 19:13:37 [D] [log.go:106] 201 
2017/12/30 19:13:37 [D] [log.go:106] 201 
2017/12/30 19:13:37 [D] [log.go:106] 201 
2017/12/30 19:13:37 [D] [log.go:106] 201 
2017/12/30 19:13:37 [D] [log.go:106] 201 
2017/12/30 19:13:37 [D] [log.go:106] 201 
2017/12/30 19:13:37 [D] [log.go:106] 201 
2017/12/30 19:13:37 [D] [log.go:106] 201 
2017/12/30 19:13:37 [D] [log.go:106] 201 
2017/12/30 19:13:37 [D] [log.go:106] 201 
2017/12/30 19:13:37 [D] [log.go:106] 201 
2017/12/30 19:13:37 [D] [log.go:106] 201 
2017/12/30 19:13:37 [D] [log.go:106] 201 
2017/12/30 19:13:37 [D] [log.go:106] 201 
2017/12/30 19:13:37 [D] [log.go:106] 201 
2017/12/30 19:13:37 [D] [log.go:106] 201 
2017/12/30 19:13:37 [D] [log.go:106] 201 
2017/12/30 19:13:37 [D] [log.go:106] 201 
2017/12/30 19:13:37 [D] [log.go:106] 201 
2017/12/30 19:13:37 [D] [log.go:106] 201 
2017/12/30 19:13:37 [D] [log.go:106] 201 
2017/12/30 19:13:37 [D] [log.go:106] 201 
2017/12/30 19:13:37 [D] [log.go:106] 201 
2017/12/30 19:13:37 [D] [log.go:106] 201 
2017/12/30 19:13:37 [D] [log.go:106] 201 
2017/12/30 19:13:37 [D] [log.go:106] 201 
2017/12/30 19:13:37 [D] [log.go:106] 201 
2017/12/30 19:13:37 [D] [log.go:106] 201 
2017/12/30 19:13:37 [D] [log.go:106] 201 
2017/12/30 19:13:37 [D] [log.go:106] 201 
2017/12/30 19:13:37 [D] [log.go:106] 201 
2017/12/30 19:13:37 [D] [log.go:106] 201 
2017/12/30 19:13:37 [D] [log.go:106] 201 
2017/12/30 19:13:37 [D] [log.go:106] 201 
2017/12/30 19:13:37 [D] [log.go:106] 201 
2017/12/30 19:13:37 [D] [log.go:106] 201 
2017/12/30 19:13:37 [D] [log.go:106] 201 
2017/12/30 19:13:37 [D] [log.go:106] 201 
2017/12/30 19:13:37 [D] [log.go:106] 201 
2017/12/30 19:13:37 [D] [log.go:106] 201 
2017/12/30 19:13:37 [D] [log.go:106] 201 
2017/12/30 19:13:37 [D] [log.go:106] 201 
2017/12/30 19:13:37 [D] [log.go:106] 201 
2017/12/30 19:13:37 [D] [log.go:106] 201 
2017/12/30 19:13:37 [D] [log.go:106] 201 
2017/12/30 19:13:37 [D] [log.go:106] 201 
2017/12/30 19:13:37 [D] [log.go:106] 201 
2017/12/30 19:13:37 [D] [log.go:106] 201 
2017/12/30 19:13:37 [D] [log.go:106] 201 
2017/12/30 19:13:37 [D] [log.go:106] 201 
2017/12/30 19:13:37 [D] [log.go:106] 201 
2017/12/30 19:13:37 [D] [log.go:106] 201 
2017/12/30 19:13:37 [D] [log.go:106] 201 
2017/12/30 19:13:37 [D] [log.go:106] 201 
2017/12/30 19:13:37 [D] [log.go:106] 201 
2017/12/30 19:13:37 [D] [log.go:106] 201 
2017/12/30 19:13:37 [D] [log.go:106] 201 
2017/12/30 19:13:37 [D] [log.go:106] 201 
2017/12/30 19:13:37 [D] [log.go:106] 201 
2017/12/30 19:13:37 [D] [log.go:106] 201 
2017/12/30 19:13:37 [D] [log.go:106] 201 
2017/12/30 19:13:37 [D] [log.go:106] 201 
2017/12/30 19:13:37 [D] [log.go:106] 201 
2017/12/30 19:13:37 [D] [log.go:106] 201 
2017/12/30 19:13:37 [D] [log.go:106] 201 
2017/12/30 19:13:37 [D] [log.go:106] 201 
2017/12/30 19:13:37 [D] [log.go:106] 201 
2017/12/30 19:13:37 [D] [log.go:106] 201 
2017/12/30 19:13:37 [D] [log.go:106] 201 
2017/12/30 19:13:37 [D] [log.go:106] 201 
2017/12/30 19:13:37 [D] [log.go:106] 201 
2017/12/30 19:13:37 [D] [log.go:106] 201 
2017/12/30 19:13:37 [D] [log.go:106] 201 
2017/12/30 19:13:37 [D] [log.go:106] 201 
2017/12/30 19:13:37 [D] [log.go:106] 201 
2017/12/30 19:13:37 [D] [log.go:106] 201 
2017/12/30 19:13:37 [D] [log.go:106] 201 
2017/12/30 19:13:37 [D] [log.go:106] 201 
2017/12/30 19:13:37 [D] [log.go:106] 201 
2017/12/30 19:13:37 [D] [log.go:106] 201 
2017/12/30 19:13:37 [D] [log.go:106] 201 
2017/12/30 19:13:37 [D] [log.go:106] 201 
2017/12/30 19:13:37 [D] [log.go:106] 201 
2017/12/30 19:13:37 [D] [log.go:106] 201 
2017/12/30 19:13:37 [D] [log.go:106] 201 
2017/12/30 19:13:37 [D] [log.go:106] 201 
2017/12/30 19:13:37 [D] [log.go:106] 201 
2017/12/30 19:13:37 [D] [log.go:106] 201 
2017/12/30 19:13:37 [D] [log.go:106] 201 
2017/12/30 19:13:37 [D] [log.go:106] 201 
2017/12/30 19:13:37 [D] [log.go:106] 201 
2017/12/30 19:13:37 [D] [log.go:106] 201 
2017/12/30 19:13:37 [D] [log.go:106] 201 
2017/12/30 19:13:37 [D] [log.go:106] 201 
2017/12/30 19:13:37 [D] [log.go:106] 201 
2017/12/30 19:13:37 [D] [log.go:106] 201 
2017/12/30 19:13:37 [D] [log.go:106] 201 
2017/12/30 19:13:37 [D] [log.go:106] 201 
2017/12/30 19:13:37 [D] [log.go:106] 201 
2017/12/30 19:13:37 [D] [log.go:106] 201 
2017/12/30 19:13:37 [D] [log.go:106] 201 
2017/12/30 19:13:37 [D] [log.go:106] 201 
2017/12/30 19:13:38 [D] [log.go:106] 201 
2017/12/30 19:13:38 [D] [log.go:106] 201 
2017/12/30 19:13:38 [D] [log.go:106] 201 
2017/12/30 19:13:38 [D] [log.go:106] 201 
2017/12/30 19:13:38 [D] [log.go:106] 201 
2017/12/30 19:13:38 [D] [log.go:106] 201 
2017/12/30 19:13:38 [D] [log.go:106] 201 
2017/12/30 19:13:38 [D] [log.go:106] 201 
2017/12/30 19:13:38 [D] [log.go:106] 201 
2017/12/30 19:13:38 [D] [log.go:106] 201 
2017/12/30 19:13:38 [D] [log.go:106] 201 
2017/12/30 19:13:38 [D] [log.go:106] 201 
2017/12/30 19:13:38 [D] [log.go:106] 201 
2017/12/30 19:13:38 [D] [log.go:106] 201 
2017/12/30 19:13:38 [D] [log.go:106] 201 
2017/12/30 19:13:38 [D] [log.go:106] 201 
2017/12/30 19:13:38 [D] [log.go:106] 201 
2017/12/30 19:13:38 [D] [log.go:106] 201 
2017/12/30 19:13:38 [D] [log.go:106] 201 
2017/12/30 19:13:38 [D] [log.go:106] 201 
2017/12/30 19:13:38 [D] [log.go:106] 201 
2017/12/30 19:13:38 [D] [log.go:106] 201 
2017/12/30 19:13:38 [D] [log.go:106] 201 
2017/12/30 19:13:38 [D] [log.go:106] 201 
2017/12/30 19:13:38 [D] [log.go:106] 201 
2017/12/30 19:13:38 [D] [log.go:106] 201 
2017/12/30 19:13:38 [D] [log.go:106] 201 
2017/12/30 19:13:38 [D] [log.go:106] 201 
2017/12/30 19:13:38 [D] [log.go:106] 201 
2017/12/30 19:13:38 [D] [log.go:106] 201 
2017/12/30 19:13:38 [D] [log.go:106] 201 
2017/12/30 19:13:38 [D] [log.go:106] 201 
2017/12/30 19:13:38 [D] [log.go:106] 201 
2017/12/30 19:13:38 [D] [log.go:106] 201 
2017/12/30 19:13:38 [D] [log.go:106] 201 
2017/12/30 19:13:38 [D] [log.go:106] 201 
2017/12/30 19:13:38 [D] [log.go:106] 201 
2017/12/30 19:13:38 [D] [log.go:106] 201 
2017/12/30 19:13:38 [D] [log.go:106] 201 
2017/12/30 19:13:38 [D] [log.go:106] 201 
2017/12/30 19:13:38 [D] [log.go:106] 201 
2017/12/30 19:13:38 [D] [log.go:106] 201 
2017/12/30 19:13:38 [D] [log.go:106] 201 
2017/12/30 19:13:38 [D] [log.go:106] 201 
2017/12/30 19:13:38 [D] [log.go:106] 201 
2017/12/30 19:13:38 [D] [log.go:106] 201 
2017/12/30 19:13:39 [D] [log.go:106] 201 
2017/12/30 19:13:39 [D] [log.go:106] 201 
2017/12/30 19:13:39 [D] [log.go:106] 201 
2017/12/30 19:13:39 [D] [log.go:106] 201 
2017/12/30 19:13:39 [D] [log.go:106] 201 
2017/12/30 19:13:39 [D] [log.go:106] 201 
2017/12/30 19:14:34 [D] [log.go:106] 201 
2017/12/30 19:14:34 [D] [log.go:106] 201 
2017/12/30 19:14:34 [D] [log.go:106] 201 
2017/12/30 19:14:34 [D] [log.go:106] 201 
2017/12/30 19:14:34 [D] [log.go:106] 201 
2017/12/30 19:14:34 [D] [log.go:106] 201 
2017/12/30 19:14:34 [D] [log.go:106] 201 
2017/12/30 19:14:34 [D] [log.go:106] 201 
2017/12/30 19:14:34 [D] [log.go:106] 201 
2017/12/30 19:14:34 [D] [log.go:106] 201 
2017/12/30 19:14:57 [D] [beegoDb.go:27] 数据库服务器链接成功 
2017/12/30 19:14:57 [I] [asm_amd64.s:2232] http server Running on http://:80
2017/12/30 19:15:00 [D] [log.go:106] 127.0.0.1 
2017/12/30 19:15:00 [E] [index.go:38] 没有来源地址 
2017/12/30 19:15:00 [server.go:1773] [HTTP] http: multiple response.WriteHeader calls
2017/12/30 19:15:00 [D] [log.go:106] [] 
2017/12/30 19:15:04 [D] [log.go:106] 200 
2017/12/30 19:15:04 [D] [log.go:106] 200 
2017/12/30 19:15:04 [D] [log.go:106] 200 
2017/12/30 19:15:04 [D] [log.go:106] 200 
2017/12/30 19:15:04 [D] [log.go:106] 200 
2017/12/30 19:15:04 [D] [log.go:106] 200 
2017/12/30 19:15:04 [D] [log.go:106] 200 
2017/12/30 19:15:04 [D] [log.go:106] 200 
2017/12/30 19:15:04 [D] [log.go:106] 200 
2017/12/30 19:15:04 [D] [log.go:106] 200 
2017/12/30 19:15:04 [D] [log.go:106] 200 
2017/12/30 19:15:04 [D] [log.go:106] 200 
2017/12/30 19:15:04 [D] [log.go:106] 200 
2017/12/30 19:15:04 [D] [log.go:106] 200 
2017/12/30 19:15:04 [D] [log.go:106] 200 
2017/12/30 19:15:04 [D] [log.go:106] 200 
2017/12/30 19:15:04 [D] [log.go:106] 200 
2017/12/30 19:15:04 [D] [log.go:106] 200 
2017/12/30 19:15:04 [D] [log.go:106] 200 
2017/12/30 19:15:04 [D] [log.go:106] 200 
2017/12/30 19:15:04 [D] [log.go:106] 200 
2017/12/30 19:15:04 [D] [log.go:106] 200 
2017/12/30 19:15:04 [D] [log.go:106] 200 
2017/12/30 19:15:04 [D] [log.go:106] 200 
2017/12/30 19:15:04 [D] [log.go:106] 200 
2017/12/30 19:15:04 [D] [log.go:106] 200 
2017/12/30 19:15:04 [D] [log.go:106] 200 
2017/12/30 19:15:04 [D] [log.go:106] 200 
2017/12/30 19:15:04 [D] [log.go:106] 200 
2017/12/30 19:15:04 [D] [log.go:106] 200 
2017/12/30 19:15:04 [D] [log.go:106] 200 
2017/12/30 19:15:04 [D] [log.go:106] 200 
2017/12/30 19:15:04 [D] [log.go:106] 200 
2017/12/30 19:15:04 [D] [log.go:106] 200 
2017/12/30 19:15:04 [D] [log.go:106] 200 
2017/12/30 19:15:04 [D] [log.go:106] 200 
2017/12/30 19:15:04 [D] [log.go:106] 200 
2017/12/30 19:15:04 [D] [log.go:106] 200 
2017/12/30 19:15:04 [D] [log.go:106] 200 
2017/12/30 19:15:04 [D] [log.go:106] 200 
2017/12/30 19:15:04 [D] [log.go:106] 200 
2017/12/30 19:15:04 [D] [log.go:106] 200 
2017/12/30 19:15:04 [D] [log.go:106] 200 
2017/12/30 19:15:04 [D] [log.go:106] 200 
2017/12/30 19:15:04 [D] [log.go:106] 200 
2017/12/30 19:15:04 [D] [log.go:106] 200 
2017/12/30 19:15:04 [D] [log.go:106] 200 
2017/12/30 19:15:04 [D] [log.go:106] 200 
2017/12/30 19:15:05 [D] [log.go:106] 200 
2017/12/30 19:15:05 [D] [log.go:106] 200 
2017/12/30 19:15:05 [D] [log.go:106] 200 
2017/12/30 19:15:05 [D] [log.go:106] 200 
2017/12/30 19:15:05 [D] [log.go:106] 200 
2017/12/30 19:15:05 [D] [log.go:106] 200 
2017/12/30 19:15:05 [D] [log.go:106] 200 
2017/12/30 19:15:05 [D] [log.go:106] 200 
2017/12/30 19:15:05 [D] [log.go:106] 200 
2017/12/30 19:15:05 [D] [log.go:106] 200 
2017/12/30 19:15:05 [D] [log.go:106] 200 
2017/12/30 19:15:05 [D] [log.go:106] 200 
2017/12/30 19:15:05 [D] [log.go:106] 200 
2017/12/30 19:15:05 [D] [log.go:106] 200 
2017/12/30 19:15:05 [D] [log.go:106] 200 
2017/12/30 19:15:05 [D] [log.go:106] 200 
2017/12/30 19:15:05 [D] [log.go:106] 200 
2017/12/30 19:15:05 [D] [log.go:106] 200 
2017/12/30 19:15:05 [D] [log.go:106] 200 
2017/12/30 19:15:05 [D] [log.go:106] 200 
2017/12/30 19:15:05 [D] [log.go:106] 200 
2017/12/30 19:15:05 [D] [log.go:106] 200 
2017/12/30 19:15:05 [D] [log.go:106] 200 
2017/12/30 19:15:05 [D] [log.go:106] 200 
2017/12/30 19:15:05 [D] [log.go:106] 200 
2017/12/30 19:15:05 [D] [log.go:106] 200 
2017/12/30 19:15:05 [D] [log.go:106] 200 
2017/12/30 19:15:05 [D] [log.go:106] 200 
2017/12/30 19:15:05 [D] [log.go:106] 200 
2017/12/30 19:15:05 [D] [log.go:106] 200 
2017/12/30 19:15:05 [D] [log.go:106] 200 
2017/12/30 19:15:05 [D] [log.go:106] 200 
2017/12/30 19:15:05 [D] [log.go:106] 200 
2017/12/30 19:15:05 [D] [log.go:106] 200 
2017/12/30 19:15:05 [D] [log.go:106] 200 
2017/12/30 19:15:05 [D] [log.go:106] 200 
2017/12/30 19:15:05 [D] [log.go:106] 200 
2017/12/30 19:15:05 [D] [log.go:106] 200 
2017/12/30 19:15:05 [D] [log.go:106] 200 
2017/12/30 19:15:05 [D] [log.go:106] 200 
2017/12/30 19:15:05 [D] [log.go:106] 200 
2017/12/30 19:15:05 [D] [log.go:106] 200 
2017/12/30 19:15:05 [D] [log.go:106] 200 
2017/12/30 19:15:05 [D] [log.go:106] 200 
2017/12/30 19:15:05 [D] [log.go:106] 200 
2017/12/30 19:15:05 [D] [log.go:106] 200 
2017/12/30 19:15:05 [D] [log.go:106] 200 
2017/12/30 19:15:05 [D] [log.go:106] 200 
2017/12/30 19:15:05 [D] [log.go:106] 200 
2017/12/30 19:15:05 [D] [log.go:106] 200 
2017/12/30 19:15:05 [D] [log.go:106] 200 
2017/12/30 19:15:05 [D] [log.go:106] 200 
2017/12/30 19:15:05 [D] [log.go:106] 200 
2017/12/30 19:15:05 [D] [log.go:106] 200 
2017/12/30 19:15:05 [D] [log.go:106] 200 
2017/12/30 19:15:05 [D] [log.go:106] 200 
2017/12/30 19:15:05 [D] [log.go:106] 200 
2017/12/30 19:15:05 [D] [log.go:106] 200 
2017/12/30 19:15:05 [D] [log.go:106] 200 
2017/12/30 19:15:05 [D] [log.go:106] 200 
2017/12/30 19:15:05 [D] [log.go:106] 200 
2017/12/30 19:15:05 [D] [log.go:106] 200 
2017/12/30 19:15:05 [D] [log.go:106] 200 
2017/12/30 19:15:05 [D] [log.go:106] 200 
2017/12/30 19:15:05 [D] [log.go:106] 200 
2017/12/30 19:15:05 [D] [log.go:106] 200 
2017/12/30 19:15:05 [D] [log.go:106] 200 
2017/12/30 19:15:05 [D] [log.go:106] 200 
2017/12/30 19:15:05 [D] [log.go:106] 200 
2017/12/30 19:15:05 [D] [log.go:106] 200 
2017/12/30 19:15:05 [D] [log.go:106] 200 
2017/12/30 19:15:05 [D] [log.go:106] 200 
2017/12/30 19:15:05 [D] [log.go:106] 200 
2017/12/30 19:15:05 [D] [log.go:106] 200 
2017/12/30 19:15:05 [D] [log.go:106] 200 
2017/12/30 19:15:05 [D] [log.go:106] 200 
2017/12/30 19:15:05 [D] [log.go:106] 200 
2017/12/30 19:15:05 [D] [log.go:106] 200 
2017/12/30 19:15:05 [D] [log.go:106] 200 
2017/12/30 19:15:05 [D] [log.go:106] 200 
2017/12/30 19:15:05 [D] [log.go:106] 200 
2017/12/30 19:15:05 [D] [log.go:106] 200 
2017/12/30 19:15:05 [D] [log.go:106] 200 
2017/12/30 19:15:05 [D] [log.go:106] 200 
2017/12/30 19:15:05 [D] [log.go:106] 200 
2017/12/30 19:15:05 [D] [log.go:106] 200 
2017/12/30 19:15:05 [D] [log.go:106] 200 
2017/12/30 19:15:05 [D] [log.go:106] 200 
2017/12/30 19:15:05 [D] [log.go:106] 200 
2017/12/30 19:15:05 [D] [log.go:106] 200 
2017/12/30 19:15:05 [D] [log.go:106] 200 
2017/12/30 19:15:05 [D] [log.go:106] 200 
2017/12/30 19:15:05 [D] [log.go:106] 200 
2017/12/30 19:15:05 [D] [log.go:106] 200 
2017/12/30 19:15:05 [D] [log.go:106] 200 
2017/12/30 19:15:05 [D] [log.go:106] 200 
2017/12/30 19:15:05 [D] [log.go:106] 200 
2017/12/30 19:15:05 [D] [log.go:106] 200 
2017/12/30 19:15:05 [D] [log.go:106] 200 
2017/12/30 19:15:05 [D] [log.go:106] 200 
2017/12/30 19:15:05 [D] [log.go:106] 200 
2017/12/30 19:15:05 [D] [log.go:106] 200 
2017/12/30 19:15:05 [D] [log.go:106] 200 
2017/12/30 19:15:05 [D] [log.go:106] 200 
2017/12/30 19:15:05 [D] [log.go:106] 200 
2017/12/30 19:15:05 [D] [log.go:106] 200 
2017/12/30 19:15:05 [D] [log.go:106] 200 
2017/12/30 19:15:05 [D] [log.go:106] 200 
2017/12/30 19:15:05 [D] [log.go:106] 200 
2017/12/30 19:15:05 [D] [log.go:106] 200 
2017/12/30 19:15:05 [D] [log.go:106] 200 
2017/12/30 19:15:05 [D] [log.go:106] 200 
2017/12/30 19:15:05 [D] [log.go:106] 200 
2017/12/30 19:15:05 [D] [log.go:106] 200 
2017/12/30 19:15:05 [D] [log.go:106] 200 
2017/12/30 19:15:05 [D] [log.go:106] 200 
2017/12/30 19:15:05 [D] [log.go:106] 200 
2017/12/30 19:15:05 [D] [log.go:106] 200 
2017/12/30 19:15:05 [D] [log.go:106] 200 
2017/12/30 19:15:05 [D] [log.go:106] 200 
2017/12/30 19:15:05 [D] [log.go:106] 200 
2017/12/30 19:15:05 [D] [log.go:106] 200 
2017/12/30 19:15:05 [D] [log.go:106] 200 
2017/12/30 19:15:05 [D] [log.go:106] 200 
2017/12/30 19:15:05 [D] [log.go:106] 200 
2017/12/30 19:15:05 [D] [log.go:106] 200 
2017/12/30 19:15:05 [D] [log.go:106] 200 
2017/12/30 19:15:05 [D] [log.go:106] 200 
2017/12/30 19:15:05 [D] [log.go:106] 200 
2017/12/30 19:15:05 [D] [log.go:106] 200 
2017/12/30 19:15:05 [D] [log.go:106] 200 
2017/12/30 19:15:05 [D] [log.go:106] 200 
2017/12/30 19:15:05 [D] [log.go:106] 200 
2017/12/30 19:15:05 [D] [log.go:106] 200 
2017/12/30 19:15:05 [D] [log.go:106] 200 
2017/12/30 19:15:05 [D] [log.go:106] 200 
2017/12/30 19:15:05 [D] [log.go:106] 200 
2017/12/30 19:15:05 [D] [log.go:106] 200 
2017/12/30 19:15:06 [D] [log.go:106] 200 
2017/12/30 19:15:06 [D] [log.go:106] 200 
2017/12/30 19:15:06 [D] [log.go:106] 200 
2017/12/30 19:15:06 [D] [log.go:106] 200 
2017/12/30 19:15:06 [D] [log.go:106] 200 
2017/12/30 19:15:06 [D] [log.go:106] 200 
2017/12/30 19:15:06 [D] [log.go:106] 200 
2017/12/30 19:15:06 [D] [log.go:106] 200 
2017/12/30 19:15:06 [D] [log.go:106] 200 
2017/12/30 19:15:06 [D] [log.go:106] 200 
2017/12/30 19:15:07 [D] [log.go:106] 200 
2017/12/30 19:15:07 [D] [log.go:106] 200 
2017/12/30 19:15:08 [D] [log.go:106] 200 
2017/12/30 19:15:08 [D] [log.go:106] 200 
2017/12/30 23:48:09 [D] [beegoDb.go:27] 数据库服务器链接成功 
2017/12/30 23:48:09 [I] [asm_amd64.s:2232] http server Running on http://:80
2017/12/30 23:48:23 [D] [log.go:106] {"status":"error","err-code":"404","err-msg":"Page NOT found"} 
2017/12/30 23:48:23 [C] [asm_amd64.s:401] the request url is  /index/test
2017/12/30 23:48:23 [C] [asm_amd64.s:401] Handler crashed with error can't find templatefile in the path:indexcontroller/test.tpl
2017/12/30 23:48:23 [C] [asm_amd64.s:401] c:/go/src/runtime/asm_amd64.s:401
2017/12/30 23:48:23 [C] [asm_amd64.s:401] c:/go/src/runtime/panic.go:387
2017/12/30 23:48:23 [C] [asm_amd64.s:401] D:/work/GOPATH/src/github.com/astaxie/beego/template.go:64
2017/12/30 23:48:23 [C] [asm_amd64.s:401] D:/work/GOPATH/src/github.com/astaxie/beego/controller.go:249
2017/12/30 23:48:23 [C] [asm_amd64.s:401] D:/work/GOPATH/src/github.com/astaxie/beego/controller.go:200
2017/12/30 23:48:23 [C] [asm_amd64.s:401] D:/work/GOPATH/src/github.com/astaxie/beego/controller.go:184
2017/12/30 23:48:23 [C] [asm_amd64.s:401] D:/work/GOPATH/src/github.com/astaxie/beego/router.go:801
2017/12/30 23:48:23 [C] [asm_amd64.s:401] C:/Program Files/Go/src/net/http/server.go:1703
2017/12/30 23:48:23 [C] [asm_amd64.s:401] C:/Program Files/Go/src/net/http/server.go:1204
2017/12/30 23:48:23 [C] [asm_amd64.s:401] c:/go/src/runtime/asm_amd64.s:2232
2017/12/30 23:50:14 [D] [beegoDb.go:27] 数据库服务器链接成功 
2017/12/30 23:50:14 [I] [asm_amd64.s:2232] http server Running on http://:80
2017/12/30 23:50:19 [D] [log.go:106] {"status":"error","err-code":"404","err-msg":"Page NOT found"} 
2017/12/30 23:51:27 [D] [beegoDb.go:27] 数据库服务器链接成功 
2017/12/30 23:51:27 [I] [asm_amd64.s:2232] http server Running on http://:80
2017/12/30 23:51:31 [D] [log.go:106] {"status":"error","err-code":"404","err-msg":"Page NOT found"} 
2017/12/30 23:51:45 [D] [beegoDb.go:27] 数据库服务器链接成功 
2017/12/30 23:51:45 [I] [asm_amd64.s:2232] http server Running on http://:80
2017/12/30 23:51:48 [D] [log.go:106] https://api.huobi.pro/market/market/trade?symbol=ethusdt 
2017/12/30 23:51:48 [D] [log.go:106] {"status":"error","err-code":"404","err-msg":"Page NOT found"} 
2017/12/30 23:54:01 [D] [beegoDb.go:27] 数据库服务器链接成功 
2017/12/30 23:54:01 [I] [asm_amd64.s:2232] http server Running on http://:80
2017/12/30 23:54:07 [D] [log.go:106] https://api.huobi.pro/market/market/trade?symbol=ethusdt 
2017/12/30 23:54:07 [D] [log.go:106] {"status":"error","err-code":"404","err-msg":"Page NOT found"} 
